[2023-06-10T13:51:18.517+0530] {taskinstance.py:1125} INFO - Dependencies all met for dep_context=non-requeueable deps ti=<TaskInstance: email_automation.send_email scheduled__2023-06-09T08:21:14.108992+00:00 [queued]>
[2023-06-10T13:51:18.524+0530] {taskinstance.py:1125} INFO - Dependencies all met for dep_context=requeueable deps ti=<TaskInstance: email_automation.send_email scheduled__2023-06-09T08:21:14.108992+00:00 [queued]>
[2023-06-10T13:51:18.525+0530] {taskinstance.py:1331} INFO - Starting attempt 1 of 1
[2023-06-10T13:51:18.544+0530] {taskinstance.py:1350} INFO - Executing <Task(PythonOperator): send_email> on 2023-06-09 08:21:14.108992+00:00
[2023-06-10T13:51:18.548+0530] {standard_task_runner.py:57} INFO - Started process 13845 to run task
[2023-06-10T13:51:18.552+0530] {standard_task_runner.py:84} INFO - Running: ['airflow', 'tasks', 'run', 'email_automation', 'send_email', 'scheduled__2023-06-09T08:21:14.108992+00:00', '--job-id', '892', '--raw', '--subdir', 'DAGS_FOLDER/emailoperator_demo.py', '--cfg-path', '/tmp/tmp_53bztll']
[2023-06-10T13:51:18.555+0530] {standard_task_runner.py:85} INFO - Job 892: Subtask send_email
[2023-06-10T13:51:18.624+0530] {task_command.py:410} INFO - Running <TaskInstance: email_automation.send_email scheduled__2023-06-09T08:21:14.108992+00:00 [running]> on host nizam-HP-15-Notebook-PC
[2023-06-10T13:51:18.711+0530] {taskinstance.py:1568} INFO - Exporting env vars: AIRFLOW_CTX_DAG_EMAIL='officialark11@gmail.com' AIRFLOW_CTX_DAG_OWNER='airflow' AIRFLOW_CTX_DAG_ID='email_automation' AIRFLOW_CTX_TASK_ID='send_email' AIRFLOW_CTX_EXECUTION_DATE='2023-06-09T08:21:14.108992+00:00' AIRFLOW_CTX_TRY_NUMBER='1' AIRFLOW_CTX_DAG_RUN_ID='scheduled__2023-06-09T08:21:14.108992+00:00'
[2023-06-10T13:51:24.889+0530] {taskinstance.py:1847} ERROR - Task failed with exception
Traceback (most recent call last):
  File "/home/nizam/env_airflow/lib/python3.10/site-packages/airflow/operators/python.py", line 181, in execute
    return_value = self.execute_callable()
  File "/home/nizam/env_airflow/lib/python3.10/site-packages/airflow/operators/python.py", line 198, in execute_callable
    return self.python_callable(*self.op_args, **self.op_kwargs)
  File "/home/nizam/airflow/dags/emailoperator_demo.py", line 208, in init_email
    send_email_basic(sender, recipients, subject)
  File "/home/nizam/airflow/dags/emailoperator_demo.py", line 201, in send_email_basic
    server.login(sender_email, password)
  File "/usr/lib/python3.10/smtplib.py", line 750, in login
    raise last_exception
  File "/usr/lib/python3.10/smtplib.py", line 739, in login
    (code, resp) = self.auth(
  File "/usr/lib/python3.10/smtplib.py", line 662, in auth
    raise SMTPAuthenticationError(code, resp)
smtplib.SMTPAuthenticationError: (535, b'5.7.8 Username and Password not accepted. Learn more at\n5.7.8  https://support.google.com/mail/?p=BadCredentials h18-20020a170902f55200b001b042c0939fsm4452898plf.99 - gsmtp')
[2023-06-10T13:51:24.899+0530] {taskinstance.py:1368} INFO - Marking task as FAILED. dag_id=email_automation, task_id=send_email, execution_date=20230609T082114, start_date=20230610T082118, end_date=20230610T082124
[2023-06-10T13:51:24.937+0530] {base.py:73} INFO - Using connection ID 'smtp_default' for task execution.
[2023-06-10T13:51:24.938+0530] {email.py:268} INFO - Email alerting: attempt 1
[2023-06-10T13:51:30.065+0530] {base.py:73} INFO - Using connection ID 'smtp_default' for task execution.
[2023-06-10T13:51:30.065+0530] {email.py:268} INFO - Email alerting: attempt 1
[2023-06-10T13:51:35.864+0530] {taskinstance.py:1912} ERROR - Failed to send email to: ['officialark11@gmail.com']
Traceback (most recent call last):
  File "/home/nizam/env_airflow/lib/python3.10/site-packages/airflow/models/taskinstance.py", line 1430, in _run_raw_task
    self._execute_task_with_callbacks(context, test_mode)
  File "/home/nizam/env_airflow/lib/python3.10/site-packages/airflow/models/taskinstance.py", line 1581, in _execute_task_with_callbacks
    result = self._execute_task(context, task_orig)
  File "/home/nizam/env_airflow/lib/python3.10/site-packages/airflow/models/taskinstance.py", line 1651, in _execute_task
    result = execute_callable(context=context)
  File "/home/nizam/env_airflow/lib/python3.10/site-packages/airflow/operators/python.py", line 181, in execute
    return_value = self.execute_callable()
  File "/home/nizam/env_airflow/lib/python3.10/site-packages/airflow/operators/python.py", line 198, in execute_callable
    return self.python_callable(*self.op_args, **self.op_kwargs)
  File "/home/nizam/airflow/dags/emailoperator_demo.py", line 208, in init_email
    send_email_basic(sender, recipients, subject)
  File "/home/nizam/airflow/dags/emailoperator_demo.py", line 201, in send_email_basic
    server.login(sender_email, password)
  File "/usr/lib/python3.10/smtplib.py", line 750, in login
    raise last_exception
  File "/usr/lib/python3.10/smtplib.py", line 739, in login
    (code, resp) = self.auth(
  File "/usr/lib/python3.10/smtplib.py", line 662, in auth
    raise SMTPAuthenticationError(code, resp)
smtplib.SMTPAuthenticationError: (535, b'5.7.8 Username and Password not accepted. Learn more at\n5.7.8  https://support.google.com/mail/?p=BadCredentials h18-20020a170902f55200b001b042c0939fsm4452898plf.99 - gsmtp')

During handling of the above exception, another exception occurred:

Traceback (most recent call last):
  File "/home/nizam/env_airflow/lib/python3.10/site-packages/airflow/models/taskinstance.py", line 2318, in email_alert
    send_email(task.email, subject, html_content)
  File "/home/nizam/env_airflow/lib/python3.10/site-packages/airflow/utils/email.py", line 78, in send_email
    return backend(
  File "/home/nizam/env_airflow/lib/python3.10/site-packages/airflow/utils/email.py", line 152, in send_email_smtp
    send_mime_email(e_from=mail_from, e_to=recipients, mime_msg=msg, conn_id=conn_id, dryrun=dryrun)
  File "/home/nizam/env_airflow/lib/python3.10/site-packages/airflow/utils/email.py", line 279, in send_mime_email
    smtp_conn.login(smtp_user, smtp_password)
  File "/usr/lib/python3.10/smtplib.py", line 750, in login
    raise last_exception
  File "/usr/lib/python3.10/smtplib.py", line 739, in login
    (code, resp) = self.auth(
  File "/usr/lib/python3.10/smtplib.py", line 662, in auth
    raise SMTPAuthenticationError(code, resp)
smtplib.SMTPAuthenticationError: (535, b'5.7.8 Username and Password not accepted. Learn more at\n5.7.8  https://support.google.com/mail/?p=BadCredentials u18-20020a170902e5d200b0019f3cc463absm4476452plf.0 - gsmtp')

During handling of the above exception, another exception occurred:

Traceback (most recent call last):
  File "/home/nizam/env_airflow/lib/python3.10/site-packages/airflow/models/taskinstance.py", line 1910, in handle_failure
    self.email_alert(error, task)
  File "/home/nizam/env_airflow/lib/python3.10/site-packages/airflow/models/taskinstance.py", line 2320, in email_alert
    send_email(task.email, subject, html_content_err)
  File "/home/nizam/env_airflow/lib/python3.10/site-packages/airflow/utils/email.py", line 78, in send_email
    return backend(
  File "/home/nizam/env_airflow/lib/python3.10/site-packages/airflow/utils/email.py", line 152, in send_email_smtp
    send_mime_email(e_from=mail_from, e_to=recipients, mime_msg=msg, conn_id=conn_id, dryrun=dryrun)
  File "/home/nizam/env_airflow/lib/python3.10/site-packages/airflow/utils/email.py", line 279, in send_mime_email
    smtp_conn.login(smtp_user, smtp_password)
  File "/usr/lib/python3.10/smtplib.py", line 750, in login
    raise last_exception
  File "/usr/lib/python3.10/smtplib.py", line 739, in login
    (code, resp) = self.auth(
  File "/usr/lib/python3.10/smtplib.py", line 662, in auth
    raise SMTPAuthenticationError(code, resp)
smtplib.SMTPAuthenticationError: (535, b'5.7.8 Username and Password not accepted. Learn more at\n5.7.8  https://support.google.com/mail/?p=BadCredentials n4-20020a170902d2c400b001a6d4ea7301sm4437502plc.251 - gsmtp')
[2023-06-10T13:51:35.877+0530] {standard_task_runner.py:104} ERROR - Failed to execute job 892 for task send_email ((535, b'5.7.8 Username and Password not accepted. Learn more at\n5.7.8  https://support.google.com/mail/?p=BadCredentials h18-20020a170902f55200b001b042c0939fsm4452898plf.99 - gsmtp'); 13845)
[2023-06-10T13:51:35.912+0530] {local_task_job_runner.py:232} INFO - Task exited with return code 1
[2023-06-10T13:51:35.935+0530] {taskinstance.py:2674} INFO - 0 downstream tasks scheduled from follow-on schedule check
